2023-05-16 11:05:679 INFO  HomePage :74 - Mouse hover on “Desktops” Tab and click [[ChromeDriver: chrome on WINDOWS (000ea34158771000c3ed17976dae978d)] -> link text: Desktops]
2023-05-16 11:05:106 INFO  HomePage :93 - Click on Show All Desktop tab [[ChromeDriver: chrome on WINDOWS (000ea34158771000c3ed17976dae978d)] -> xpath: //a[normalize-space()='Show AllDesktops']]
2023-05-16 11:05:164 INFO  DesktopPage :45 - Click on sort by position [[ChromeDriver: chrome on WINDOWS (000ea34158771000c3ed17976dae978d)] -> id: input-sort]
2023-05-16 11:05:630 INFO  DesktopPage :74 - Select option product sorted by Name (Z - A)from sort by options [[ChromeDriver: chrome on WINDOWS (000ea34158771000c3ed17976dae978d)] -> id: input-sort]
2023-05-16 11:05:308 INFO  HomePage :80 - Mouse hover on “Laptops & Notebooks” Tab and click [[ChromeDriver: chrome on WINDOWS (3bb98d0ae74810c95598d7be416ef44f)] -> link text: Laptops & Notebooks]
2023-05-16 11:05:722 INFO  HomePage :99 - Click on Show All LaptopAndNotebook Tab [[ChromeDriver: chrome on WINDOWS (3bb98d0ae74810c95598d7be416ef44f)] -> xpath: //a[normalize-space()='Show AllLaptops & Notebooks']]
2023-05-16 11:05:779 INFO  DesktopPage :45 - Click on sort by position [[ChromeDriver: chrome on WINDOWS (3bb98d0ae74810c95598d7be416ef44f)] -> id: input-sort]
2023-05-16 11:05:250 INFO  DesktopPage :74 - Select option product sorted by Price (High > Low)from sort by options [[ChromeDriver: chrome on WINDOWS (3bb98d0ae74810c95598d7be416ef44f)] -> id: input-sort]
2023-05-16 11:05:313 INFO  LaptopAndNotebookPage :63 - Verify Product sorted  price High to low [[[ChromeDriver: chrome on WINDOWS (3bb98d0ae74810c95598d7be416ef44f)] -> xpath: //p[@class ='price']], [[ChromeDriver: chrome on WINDOWS (3bb98d0ae74810c95598d7be416ef44f)] -> xpath: //p[@class ='price']], [[ChromeDriver: chrome on WINDOWS (3bb98d0ae74810c95598d7be416ef44f)] -> xpath: //p[@class ='price']], [[ChromeDriver: chrome on WINDOWS (3bb98d0ae74810c95598d7be416ef44f)] -> xpath: //p[@class ='price']], [[ChromeDriver: chrome on WINDOWS (3bb98d0ae74810c95598d7be416ef44f)] -> xpath: //p[@class ='price']]]
2023-05-16 11:05:352 INFO  LaptopAndNotebookPage :63 - Verify Product sorted  price High to low [[[ChromeDriver: chrome on WINDOWS (3bb98d0ae74810c95598d7be416ef44f)] -> xpath: //p[@class ='price']], [[ChromeDriver: chrome on WINDOWS (3bb98d0ae74810c95598d7be416ef44f)] -> xpath: //p[@class ='price']], [[ChromeDriver: chrome on WINDOWS (3bb98d0ae74810c95598d7be416ef44f)] -> xpath: //p[@class ='price']], [[ChromeDriver: chrome on WINDOWS (3bb98d0ae74810c95598d7be416ef44f)] -> xpath: //p[@class ='price']], [[ChromeDriver: chrome on WINDOWS (3bb98d0ae74810c95598d7be416ef44f)] -> xpath: //p[@class ='price']]]
2023-05-16 11:05:625 INFO  HomePage :128 - Select Login from myAccount drop down list [[[ChromeDriver: chrome on WINDOWS (11a6f308755e5fabb3758bae59fcc4b5)] -> xpath: //ul[@class='dropdown-menu dropdown-menu-right']/li], [[ChromeDriver: chrome on WINDOWS (11a6f308755e5fabb3758bae59fcc4b5)] -> xpath: //ul[@class='dropdown-menu dropdown-menu-right']/li]]
2023-05-16 11:05:643 INFO  LoginPage :36 - Verify the text “Returning Customer” [[ChromeDriver: chrome on WINDOWS (11a6f308755e5fabb3758bae59fcc4b5)] -> xpath: //h2[contains(text(),'Returning Customer')]]
2023-05-16 11:05:245 INFO  HomePage :128 - Select Register from myAccount drop down list [[[ChromeDriver: chrome on WINDOWS (29735259a61753023f47d89815085cad)] -> xpath: //ul[@class='dropdown-menu dropdown-menu-right']/li], [[ChromeDriver: chrome on WINDOWS (29735259a61753023f47d89815085cad)] -> xpath: //ul[@class='dropdown-menu dropdown-menu-right']/li]]
2023-05-16 11:05:264 INFO  RegisterPage :58 - Verify the text “Register Account”. [[ChromeDriver: chrome on WINDOWS (29735259a61753023f47d89815085cad)] -> xpath: //h1[contains(text(),'Register Account')]]
2023-05-16 11:05:937 INFO  HomePage :74 - Mouse hover on “Desktops” Tab and click [[ChromeDriver: chrome on WINDOWS (5abf46eafd523223c1408e3e49535d90)] -> link text: Desktops]
2023-05-16 11:05:971 INFO  HomePage :68 - Click Show All Desktops from homepage Top menu  []
2023-05-16 11:05:988 INFO  DesktopPage :39 - Verify the text ‘Desktops’[[ChromeDriver: chrome on WINDOWS (5abf46eafd523223c1408e3e49535d90)] -> xpath: //h2[contains(text(),'Desktops')]]
2023-05-16 11:05:233 INFO  HomePage :74 - Mouse hover on “Desktops” Tab and click [[ChromeDriver: chrome on WINDOWS (3781be738ead97ab57592b0b6850b115)] -> link text: Desktops]
2023-05-16 11:05:678 INFO  HomePage :93 - Click on Show All Desktop tab [[ChromeDriver: chrome on WINDOWS (3781be738ead97ab57592b0b6850b115)] -> xpath: //a[normalize-space()='Show AllDesktops']]
2023-05-16 11:05:730 INFO  HomePage :105 - Clicking on Currency on top of page [[ChromeDriver: chrome on WINDOWS (3781be738ead97ab57592b0b6850b115)] -> xpath: //span[normalize-space()='Currency']]
2023-05-16 11:05:418 INFO  HomePage :113 - Select £Pound Sterling from currency drop down list [[[ChromeDriver: chrome on WINDOWS (3781be738ead97ab57592b0b6850b115)] -> xpath: //ul[@class = 'dropdown-menu']/li], [[ChromeDriver: chrome on WINDOWS (3781be738ead97ab57592b0b6850b115)] -> xpath: //ul[@class = 'dropdown-menu']/li], [[ChromeDriver: chrome on WINDOWS (3781be738ead97ab57592b0b6850b115)] -> xpath: //ul[@class = 'dropdown-menu']/li]]
2023-05-16 11:05:873 INFO  DesktopPage :74 - Select option product sorted by Name (A - Z)from sort by options [[ChromeDriver: chrome on WINDOWS (3781be738ead97ab57592b0b6850b115)] -> id: input-sort]
2023-05-16 11:05:913 INFO  DesktopPage :79 - Clicking on HP LP3065 [[ChromeDriver: chrome on WINDOWS (3781be738ead97ab57592b0b6850b115)] -> xpath: //a[contains(text(),'HP LP3065')]]
2023-05-16 11:05:933 INFO  ProductPage :52 - Verify the Text "HP LP3065" [[ChromeDriver: chrome on WINDOWS (3781be738ead97ab57592b0b6850b115)] -> xpath: //a[contains(text(),'HP LP3065')]]
2023-05-16 11:05:05 INFO  ProductPage :58 - Select 2022November30 to date field [[ChromeDriver: chrome on WINDOWS (3781be738ead97ab57592b0b6850b115)] -> xpath: //div[@class = 'input-group date']//button]
2023-05-16 11:05:752 INFO  ProductPage :82 - Enter Qty 1 to quantity field [[ChromeDriver: chrome on WINDOWS (3781be738ead97ab57592b0b6850b115)] -> xpath: //input[@id='input-quantity']]
2023-05-16 11:05:420 INFO  ProductPage :87 - Clicking on Login Button [[ChromeDriver: chrome on WINDOWS (3781be738ead97ab57592b0b6850b115)] -> xpath: //button[@id='button-cart']]
2023-05-16 11:05:962 INFO  ProductPage :91 - Verify the Message “Success: You have added HP LP3065 to your shopping cart!” [[ChromeDriver: chrome on WINDOWS (3781be738ead97ab57592b0b6850b115)] -> xpath: //div[@class='alert alert-success alert-dismissible']]
2023-05-16 11:05:06 INFO  ProductPage :97 - Click on link “shopping cart” display into success message [[ChromeDriver: chrome on WINDOWS (3781be738ead97ab57592b0b6850b115)] -> xpath: //a[contains(text(),'shopping cart')]]
2023-05-16 11:05:24 INFO  ShoppingCartPage :47 -  Verify the text Shopping Cart [[ChromeDriver: chrome on WINDOWS (3781be738ead97ab57592b0b6850b115)] -> xpath: //div[@id='content']//h1]
2023-05-16 11:05:60 INFO  ShoppingCartPage :52 - Verify the Product name HP LP3065 [[ChromeDriver: chrome on WINDOWS (3781be738ead97ab57592b0b6850b115)] -> xpath: //div[@class = 'table-responsive']/table/tbody/tr/td[2]/a]
2023-05-16 11:05:86 INFO  ShoppingCartPage :57 - Verify the Delivery Date 2022-11-30 [[ChromeDriver: chrome on WINDOWS (3781be738ead97ab57592b0b6850b115)] -> xpath: //div[@class = 'table-responsive']/table/tbody/tr/td[2]/small[1]]
2023-05-16 11:05:119 INFO  ShoppingCartPage :62 - Verify the Model Product21 [[ChromeDriver: chrome on WINDOWS (3781be738ead97ab57592b0b6850b115)] -> xpath: //div[@class = 'table-responsive']/table/tbody/tr/td[3]]
2023-05-16 11:05:150 INFO  ShoppingCartPage :67 - Verify the Total £74.73 [[ChromeDriver: chrome on WINDOWS (3781be738ead97ab57592b0b6850b115)] -> xpath: //div[@class = 'table-responsive']/table/tbody/tr/td[6]]
2023-05-16 11:05:653 INFO  HomePage :80 - Mouse hover on “Laptops & Notebooks” Tab and click [[ChromeDriver: chrome on WINDOWS (60ba8a929997edb17409119569333c33)] -> link text: Laptops & Notebooks]
2023-05-16 11:05:86 INFO  HomePage :99 - Click on Show All LaptopAndNotebook Tab [[ChromeDriver: chrome on WINDOWS (60ba8a929997edb17409119569333c33)] -> xpath: //a[normalize-space()='Show AllLaptops & Notebooks']]
2023-05-16 11:05:131 INFO  HomePage :105 - Clicking on Currency on top of page [[ChromeDriver: chrome on WINDOWS (60ba8a929997edb17409119569333c33)] -> xpath: //span[normalize-space()='Currency']]
2023-05-16 11:05:846 INFO  HomePage :113 - Select £Pound Sterling from currency drop down list [[[ChromeDriver: chrome on WINDOWS (60ba8a929997edb17409119569333c33)] -> xpath: //ul[@class = 'dropdown-menu']/li], [[ChromeDriver: chrome on WINDOWS (60ba8a929997edb17409119569333c33)] -> xpath: //ul[@class = 'dropdown-menu']/li], [[ChromeDriver: chrome on WINDOWS (60ba8a929997edb17409119569333c33)] -> xpath: //ul[@class = 'dropdown-menu']/li]]
2023-05-16 11:05:321 INFO  DesktopPage :74 - Select option product sorted by Price (High > Low)from sort by options [[ChromeDriver: chrome on WINDOWS (60ba8a929997edb17409119569333c33)] -> id: input-sort]
2023-05-16 11:05:878 INFO  LaptopAndNotebookPage :80 - Select Macbook[[ChromeDriver: chrome on WINDOWS (60ba8a929997edb17409119569333c33)] -> link text: MacBook]
2023-05-16 11:05:898 INFO  ProductPage :101 - Verify text MacBook [[ChromeDriver: chrome on WINDOWS (60ba8a929997edb17409119569333c33)] -> xpath: //h1[contains(text(),'MacBook')]]
2023-05-16 11:05:574 INFO  ProductPage :87 - Clicking on Login Button [[ChromeDriver: chrome on WINDOWS (60ba8a929997edb17409119569333c33)] -> xpath: //button[@id='button-cart']]
2023-05-16 11:05:109 INFO  ProductPage :91 - Verify the Message “Success: You have added HP LP3065 to your shopping cart!” [[ChromeDriver: chrome on WINDOWS (60ba8a929997edb17409119569333c33)] -> xpath: //div[@class='alert alert-success alert-dismissible']]
2023-05-16 11:05:139 INFO  ProductPage :97 - Click on link “shopping cart” display into success message [[ChromeDriver: chrome on WINDOWS (60ba8a929997edb17409119569333c33)] -> xpath: //a[contains(text(),'shopping cart')]]
2023-05-16 11:05:156 INFO  ShoppingCartPage :47 -  Verify the text Shopping Cart [[ChromeDriver: chrome on WINDOWS (60ba8a929997edb17409119569333c33)] -> xpath: //div[@id='content']//h1]
2023-05-16 11:05:188 INFO  ShoppingCartPage :52 - Verify the Product name HP LP3065 [[ChromeDriver: chrome on WINDOWS (60ba8a929997edb17409119569333c33)] -> xpath: //div[@class = 'table-responsive']/table/tbody/tr/td[2]/a]
2023-05-16 11:05:297 INFO  ShoppingCartPage :74 - Change Quantity 2 to quantity field [[ChromeDriver: chrome on WINDOWS (60ba8a929997edb17409119569333c33)] -> xpath: //div[@class='input-group btn-block']/input[@type='text']]
2023-05-16 11:05:15 INFO  ShoppingCartPage :79 -  Click on “Update” Tab [[ChromeDriver: chrome on WINDOWS (60ba8a929997edb17409119569333c33)] -> xpath: //i[@class = 'fa fa-refresh']]
2023-05-16 11:05:36 INFO  ShoppingCartPage :83 - Getting welcome back text [[ChromeDriver: chrome on WINDOWS (60ba8a929997edb17409119569333c33)] -> xpath: //div[@id='checkout-cart']/div[1]]
2023-05-16 11:05:63 INFO  ShoppingCartPage :67 - Verify the Total £74.73 [[ChromeDriver: chrome on WINDOWS (60ba8a929997edb17409119569333c33)] -> xpath: //div[@class = 'table-responsive']/table/tbody/tr/td[6]]
2023-05-16 11:05:507 INFO  ShoppingCartPage :89 - Click on “Checkout” button [[ChromeDriver: chrome on WINDOWS (60ba8a929997edb17409119569333c33)] -> css selector: a.btn.btn-primary]
2023-05-16 11:05:529 INFO  CheckoutPage :76 - Verify the text “Checkout” [[ChromeDriver: chrome on WINDOWS (60ba8a929997edb17409119569333c33)] -> xpath: //div[@id='content']/h1]
2023-05-16 11:05:60 INFO  CheckoutPage :82 - Verify the Text “New Customer” [[ChromeDriver: chrome on WINDOWS (60ba8a929997edb17409119569333c33)] -> xpath: //h2[contains(text(),'New Customer')]]
2023-05-16 11:05:638 INFO  CheckoutPage :89 - Click on “Guest Checkout” radio button [[ChromeDriver: chrome on WINDOWS (60ba8a929997edb17409119569333c33)] -> xpath: //input[@value='guest']]
2023-05-16 11:05:680 INFO  CheckoutPage :95 - Click on “Continue” tab [[ChromeDriver: chrome on WINDOWS (60ba8a929997edb17409119569333c33)] -> xpath: //input[@id='button-account']]
2023-05-16 11:05:72 INFO  CheckoutPage :101 - Enter firstname Bhavisha to firstname field [[ChromeDriver: chrome on WINDOWS (60ba8a929997edb17409119569333c33)] -> id: input-payment-firstname]
2023-05-16 11:05:145 INFO  CheckoutPage :107 - Enter lastname Patel to lastname field [[ChromeDriver: chrome on WINDOWS (60ba8a929997edb17409119569333c33)] -> id: input-payment-lastname]
2023-05-16 11:05:232 INFO  CheckoutPage :113 - Enter email bhavisha to email field [[ChromeDriver: chrome on WINDOWS (60ba8a929997edb17409119569333c33)] -> id: input-payment-email]
2023-05-16 11:05:331 INFO  CheckoutPage :119 - Enter phoneNumber 01234567890 to phoneNumber field [[ChromeDriver: chrome on WINDOWS (60ba8a929997edb17409119569333c33)] -> id: input-payment-telephone]
2023-05-16 11:05:402 INFO  CheckoutPage :125 - Enter address Line 1 129 pinner road to address field [[ChromeDriver: chrome on WINDOWS (60ba8a929997edb17409119569333c33)] -> id: input-payment-address-1]
2023-05-16 11:05:455 INFO  CheckoutPage :131 - Enter city London to city field [[ChromeDriver: chrome on WINDOWS (60ba8a929997edb17409119569333c33)] -> id: input-payment-city]
2023-05-16 11:05:507 INFO  CheckoutPage :137 - Enter postcode N1 1AD to postcode field [[ChromeDriver: chrome on WINDOWS (60ba8a929997edb17409119569333c33)] -> id: input-payment-postcode]
2023-05-16 11:05:554 INFO  CheckoutPage :143 - Select country United Kingdom to country field [[ChromeDriver: chrome on WINDOWS (60ba8a929997edb17409119569333c33)] -> id: input-payment-country]
2023-05-16 11:05:618 INFO  CheckoutPage :150 - Select state Kent to state field [[ChromeDriver: chrome on WINDOWS (60ba8a929997edb17409119569333c33)] -> id: input-payment-zone]
2023-05-16 11:05:663 INFO  CheckoutPage :156 -  Click on continue button [[ChromeDriver: chrome on WINDOWS (60ba8a929997edb17409119569333c33)] -> id: button-guest]
2023-05-16 11:05:429 INFO  CheckoutPage :162 - Enter comments Nothing to Say! in to text area [[ChromeDriver: chrome on WINDOWS (60ba8a929997edb17409119569333c33)] -> xpath: //textarea[@name='comment']]
2023-05-16 11:05:494 INFO  CheckoutPage :168 -  Check the Terms & Conditions check box [[ChromeDriver: chrome on WINDOWS (60ba8a929997edb17409119569333c33)] -> xpath: //body/div[@id='checkout-checkout']/div[1]/div[1]/div[1]/div[3]/div[2]/div[1]/div[2]/div[1]/input[1]]
2023-05-16 11:05:566 INFO  CheckoutPage :174 - Click on “Continue” button [[ChromeDriver: chrome on WINDOWS (60ba8a929997edb17409119569333c33)] -> id: button-payment-method]
2023-05-16 11:05:604 INFO  CheckoutPage :179 - Verify the message “Warning: Payment method required!” [[ChromeDriver: chrome on WINDOWS (60ba8a929997edb17409119569333c33)] -> xpath: //div[@class='alert alert-danger alert-dismissible']]
2023-05-16 11:05:756 INFO  HomePage :128 - Select Login from myAccount drop down list [[[ChromeDriver: chrome on WINDOWS (dd2b8698b31fd9f6069feb31f887f860)] -> xpath: //ul[@class='dropdown-menu dropdown-menu-right']/li], [[ChromeDriver: chrome on WINDOWS (dd2b8698b31fd9f6069feb31f887f860)] -> xpath: //ul[@class='dropdown-menu dropdown-menu-right']/li]]
2023-05-16 11:05:833 INFO  LoginPage :43 - Enter email iampatel@gmail.comto email field [[ChromeDriver: chrome on WINDOWS (dd2b8698b31fd9f6069feb31f887f860)] -> id: input-email]
2023-05-16 11:05:890 INFO  LoginPage :49 - Enter password HelloNum1to password field [[ChromeDriver: chrome on WINDOWS (dd2b8698b31fd9f6069feb31f887f860)] -> id: input-password]
2023-05-16 11:05:572 INFO  LoginPage :55 - Clicking on Login Button [[ChromeDriver: chrome on WINDOWS (dd2b8698b31fd9f6069feb31f887f860)] -> xpath: //input[@value='Login']]
2023-05-16 11:05:589 INFO  LoginPage :60 - Verify text “My Account” [[ChromeDriver: chrome on WINDOWS (dd2b8698b31fd9f6069feb31f887f860)] -> xpath: //h2[text()='My Account']]
2023-05-16 11:05:319 INFO  HomePage :128 - Select Logout from myAccount drop down list [[[ChromeDriver: chrome on WINDOWS (dd2b8698b31fd9f6069feb31f887f860)] -> xpath: //ul[@class='dropdown-menu dropdown-menu-right']/li], [[ChromeDriver: chrome on WINDOWS (dd2b8698b31fd9f6069feb31f887f860)] -> xpath: //ul[@class='dropdown-menu dropdown-menu-right']/li], [[ChromeDriver: chrome on WINDOWS (dd2b8698b31fd9f6069feb31f887f860)] -> xpath: //ul[@class='dropdown-menu dropdown-menu-right']/li], [[ChromeDriver: chrome on WINDOWS (dd2b8698b31fd9f6069feb31f887f860)] -> xpath: //ul[@class='dropdown-menu dropdown-menu-right']/li], [[ChromeDriver: chrome on WINDOWS (dd2b8698b31fd9f6069feb31f887f860)] -> xpath: //ul[@class='dropdown-menu dropdown-menu-right']/li]]
2023-05-16 11:05:336 INFO  LogoutPage :27 - Verify text "Account Logout" [[ChromeDriver: chrome on WINDOWS (dd2b8698b31fd9f6069feb31f887f860)] -> xpath: //h1[text()='Account Logout']]
2023-05-16 11:05:741 INFO  LogoutPage :33 - Clicking on Continue Button [[ChromeDriver: chrome on WINDOWS (dd2b8698b31fd9f6069feb31f887f860)] -> xpath: //a[contains(text(),'Continue')]]
2023-05-16 11:05:327 INFO  HomePage :128 - Select Register from myAccount drop down list [[[ChromeDriver: chrome on WINDOWS (aaea3a8f6c76e6fec9454db71f6062a5)] -> xpath: //ul[@class='dropdown-menu dropdown-menu-right']/li], [[ChromeDriver: chrome on WINDOWS (aaea3a8f6c76e6fec9454db71f6062a5)] -> xpath: //ul[@class='dropdown-menu dropdown-menu-right']/li]]
2023-05-16 11:05:396 INFO  RegisterPage :64 - Enter Firstname Iama to Firstname field [[ChromeDriver: chrome on WINDOWS (aaea3a8f6c76e6fec9454db71f6062a5)] -> id: input-firstname]
2023-05-16 11:05:445 INFO  RegisterPage :69 - Enter Lastname Patel to Lastname field [[ChromeDriver: chrome on WINDOWS (aaea3a8f6c76e6fec9454db71f6062a5)] -> id: input-lastname]
2023-05-16 11:05:500 INFO  RegisterPage :74 - Enter email patelCUsg@gmail.com to email field [[ChromeDriver: chrome on WINDOWS (aaea3a8f6c76e6fec9454db71f6062a5)] -> id: input-email]
2023-05-16 11:05:550 INFO  RegisterPage :79 - Enter Telephone 01234567890 to Telephone field [[ChromeDriver: chrome on WINDOWS (aaea3a8f6c76e6fec9454db71f6062a5)] -> id: input-telephone]
2023-05-16 11:05:601 INFO  RegisterPage :84 - Enter Password Hellonum1 to Password field [[ChromeDriver: chrome on WINDOWS (aaea3a8f6c76e6fec9454db71f6062a5)] -> id: input-password]
2023-05-16 11:05:656 INFO  RegisterPage :89 - Enter ConfirmPassword Hellonum1 to ConfirmPassword field [[ChromeDriver: chrome on WINDOWS (aaea3a8f6c76e6fec9454db71f6062a5)] -> id: input-confirm]
2023-05-16 11:05:682 INFO  RegisterPage :101 - Select Subscribe Yes radio button [[[ChromeDriver: chrome on WINDOWS (aaea3a8f6c76e6fec9454db71f6062a5)] -> xpath: //fieldset[3]//input], [[ChromeDriver: chrome on WINDOWS (aaea3a8f6c76e6fec9454db71f6062a5)] -> xpath: //fieldset[3]//input]]
2023-05-16 11:05:723 INFO  RegisterPage :106 - Click on Privacy Policy check box [[ChromeDriver: chrome on WINDOWS (aaea3a8f6c76e6fec9454db71f6062a5)] -> xpath: //input[@name='agree']]
2023-05-16 11:05:01 INFO  RegisterPage :111 - Clicking on Continue Button [[ChromeDriver: chrome on WINDOWS (aaea3a8f6c76e6fec9454db71f6062a5)] -> xpath: //input[@type='submit']]
2023-05-16 11:05:18 INFO  RegisterPage :115 - Verify the message “Your Account Has Been Created!” [[ChromeDriver: chrome on WINDOWS (aaea3a8f6c76e6fec9454db71f6062a5)] -> xpath: //h1[text()='Your Account Has Been Created!']]
2023-05-16 11:05:399 INFO  RegisterPage :121 - Clicking on Continue Button [[ChromeDriver: chrome on WINDOWS (aaea3a8f6c76e6fec9454db71f6062a5)] -> xpath: //a[text()='Continue']]
2023-05-16 11:05:183 INFO  HomePage :128 - Select Logout from myAccount drop down list [[[ChromeDriver: chrome on WINDOWS (aaea3a8f6c76e6fec9454db71f6062a5)] -> xpath: //ul[@class='dropdown-menu dropdown-menu-right']/li], [[ChromeDriver: chrome on WINDOWS (aaea3a8f6c76e6fec9454db71f6062a5)] -> xpath: //ul[@class='dropdown-menu dropdown-menu-right']/li], [[ChromeDriver: chrome on WINDOWS (aaea3a8f6c76e6fec9454db71f6062a5)] -> xpath: //ul[@class='dropdown-menu dropdown-menu-right']/li], [[ChromeDriver: chrome on WINDOWS (aaea3a8f6c76e6fec9454db71f6062a5)] -> xpath: //ul[@class='dropdown-menu dropdown-menu-right']/li], [[ChromeDriver: chrome on WINDOWS (aaea3a8f6c76e6fec9454db71f6062a5)] -> xpath: //ul[@class='dropdown-menu dropdown-menu-right']/li]]
2023-05-16 11:05:201 INFO  LogoutPage :27 - Verify text "Account Logout" [[ChromeDriver: chrome on WINDOWS (aaea3a8f6c76e6fec9454db71f6062a5)] -> xpath: //h1[text()='Account Logout']]
2023-05-16 11:05:618 INFO  LogoutPage :33 - Clicking on Continue Button [[ChromeDriver: chrome on WINDOWS (aaea3a8f6c76e6fec9454db71f6062a5)] -> xpath: //a[contains(text(),'Continue')]]
2023-05-16 11:05:80 INFO  HomePage :80 - Mouse hover on “Laptops & Notebooks” Tab and click [[ChromeDriver: chrome on WINDOWS (5ce893a6da08ba555e415aa7e3144c32)] -> link text: Laptops & Notebooks]
2023-05-16 11:05:155 INFO  HomePage :68 - Click Show All Laptops & Notebooks from homepage Top menu  []
2023-05-16 11:05:173 INFO  LaptopAndNotebookPage :39 - Verify the text ‘Laptops & Notebooks’ [[ChromeDriver: chrome on WINDOWS (5ce893a6da08ba555e415aa7e3144c32)] -> xpath: //h2[contains(text(),'Laptops & Notebooks')]]
2023-05-16 11:05:220 INFO  HomePage :74 - Mouse hover on “Desktops” Tab and click [[ChromeDriver: chrome on WINDOWS (bf5aa7f81cc77f565f8d823949d4e77c)] -> link text: Desktops]
2023-05-16 11:05:669 INFO  HomePage :93 - Click on Show All Desktop tab [[ChromeDriver: chrome on WINDOWS (bf5aa7f81cc77f565f8d823949d4e77c)] -> xpath: //a[normalize-space()='Show AllDesktops']]
2023-05-16 11:05:732 INFO  DesktopPage :45 - Click on sort by position [[ChromeDriver: chrome on WINDOWS (bf5aa7f81cc77f565f8d823949d4e77c)] -> id: input-sort]
2023-05-16 11:05:210 INFO  DesktopPage :74 - Select option product sorted by Name (Z - A)from sort by options [[ChromeDriver: chrome on WINDOWS (bf5aa7f81cc77f565f8d823949d4e77c)] -> id: input-sort]
2023-05-16 11:05:56 INFO  HomePage :74 - Mouse hover on “Desktops” Tab and click [[ChromeDriver: chrome on WINDOWS (658b3ba369257b5df6d0bbc2fc3be8a9)] -> link text: Desktops]
2023-05-16 11:05:471 INFO  HomePage :93 - Click on Show All Desktop tab [[ChromeDriver: chrome on WINDOWS (658b3ba369257b5df6d0bbc2fc3be8a9)] -> xpath: //a[normalize-space()='Show AllDesktops']]
2023-05-16 11:05:523 INFO  HomePage :105 - Clicking on Currency on top of page [[ChromeDriver: chrome on WINDOWS (658b3ba369257b5df6d0bbc2fc3be8a9)] -> xpath: //span[normalize-space()='Currency']]
2023-05-16 11:05:206 INFO  HomePage :113 - Select £Pound Sterling from currency drop down list [[[ChromeDriver: chrome on WINDOWS (658b3ba369257b5df6d0bbc2fc3be8a9)] -> xpath: //ul[@class = 'dropdown-menu']/li], [[ChromeDriver: chrome on WINDOWS (658b3ba369257b5df6d0bbc2fc3be8a9)] -> xpath: //ul[@class = 'dropdown-menu']/li], [[ChromeDriver: chrome on WINDOWS (658b3ba369257b5df6d0bbc2fc3be8a9)] -> xpath: //ul[@class = 'dropdown-menu']/li]]
2023-05-16 11:05:654 INFO  DesktopPage :74 - Select option product sorted by Name (A - Z)from sort by options [[ChromeDriver: chrome on WINDOWS (658b3ba369257b5df6d0bbc2fc3be8a9)] -> id: input-sort]
2023-05-16 11:05:761 INFO  DesktopPage :79 - Clicking on HP LP3065 [[ChromeDriver: chrome on WINDOWS (658b3ba369257b5df6d0bbc2fc3be8a9)] -> xpath: //a[contains(text(),'HP LP3065')]]
2023-05-16 11:05:777 INFO  ProductPage :52 - Verify the Text "HP LP3065" [[ChromeDriver: chrome on WINDOWS (658b3ba369257b5df6d0bbc2fc3be8a9)] -> xpath: //a[contains(text(),'HP LP3065')]]
2023-05-16 11:05:838 INFO  ProductPage :58 - Select 2022November30 to date field [[ChromeDriver: chrome on WINDOWS (658b3ba369257b5df6d0bbc2fc3be8a9)] -> xpath: //div[@class = 'input-group date']//button]
2023-05-16 11:05:483 INFO  ProductPage :82 - Enter Qty 1 to quantity field [[ChromeDriver: chrome on WINDOWS (658b3ba369257b5df6d0bbc2fc3be8a9)] -> xpath: //input[@id='input-quantity']]
2023-05-16 11:05:153 INFO  ProductPage :87 - Clicking on Login Button [[ChromeDriver: chrome on WINDOWS (658b3ba369257b5df6d0bbc2fc3be8a9)] -> xpath: //button[@id='button-cart']]
2023-05-16 11:05:691 INFO  ProductPage :91 - Verify the Message “Success: You have added HP LP3065 to your shopping cart!” [[ChromeDriver: chrome on WINDOWS (658b3ba369257b5df6d0bbc2fc3be8a9)] -> xpath: //div[@class='alert alert-success alert-dismissible']]
2023-05-16 11:05:729 INFO  ProductPage :97 - Click on link “shopping cart” display into success message [[ChromeDriver: chrome on WINDOWS (658b3ba369257b5df6d0bbc2fc3be8a9)] -> xpath: //a[contains(text(),'shopping cart')]]
2023-05-16 11:05:750 INFO  ShoppingCartPage :47 -  Verify the text Shopping Cart [[ChromeDriver: chrome on WINDOWS (658b3ba369257b5df6d0bbc2fc3be8a9)] -> xpath: //div[@id='content']//h1]
2023-05-16 11:05:782 INFO  ShoppingCartPage :52 - Verify the Product name HP LP3065 [[ChromeDriver: chrome on WINDOWS (658b3ba369257b5df6d0bbc2fc3be8a9)] -> xpath: //div[@class = 'table-responsive']/table/tbody/tr/td[2]/a]
2023-05-16 11:05:805 INFO  ShoppingCartPage :57 - Verify the Delivery Date 2022-11-30 [[ChromeDriver: chrome on WINDOWS (658b3ba369257b5df6d0bbc2fc3be8a9)] -> xpath: //div[@class = 'table-responsive']/table/tbody/tr/td[2]/small[1]]
2023-05-16 11:05:833 INFO  ShoppingCartPage :62 - Verify the Model Product21 [[ChromeDriver: chrome on WINDOWS (658b3ba369257b5df6d0bbc2fc3be8a9)] -> xpath: //div[@class = 'table-responsive']/table/tbody/tr/td[3]]
2023-05-16 11:05:855 INFO  ShoppingCartPage :67 - Verify the Total £74.73 [[ChromeDriver: chrome on WINDOWS (658b3ba369257b5df6d0bbc2fc3be8a9)] -> xpath: //div[@class = 'table-responsive']/table/tbody/tr/td[6]]
2023-05-16 11:05:64 INFO  HomePage :80 - Mouse hover on “Laptops & Notebooks” Tab and click [[ChromeDriver: chrome on WINDOWS (ea7bf57232ef2e7a2842a14b18a3b219)] -> link text: Laptops & Notebooks]
2023-05-16 11:05:475 INFO  HomePage :99 - Click on Show All LaptopAndNotebook Tab [[ChromeDriver: chrome on WINDOWS (ea7bf57232ef2e7a2842a14b18a3b219)] -> xpath: //a[normalize-space()='Show AllLaptops & Notebooks']]
2023-05-16 11:05:534 INFO  DesktopPage :45 - Click on sort by position [[ChromeDriver: chrome on WINDOWS (ea7bf57232ef2e7a2842a14b18a3b219)] -> id: input-sort]
2023-05-16 11:05:974 INFO  DesktopPage :74 - Select option product sorted by Price (High > Low)from sort by options [[ChromeDriver: chrome on WINDOWS (ea7bf57232ef2e7a2842a14b18a3b219)] -> id: input-sort]
2023-05-16 11:05:31 INFO  LaptopAndNotebookPage :63 - Verify Product sorted  price High to low [[[ChromeDriver: chrome on WINDOWS (ea7bf57232ef2e7a2842a14b18a3b219)] -> xpath: //p[@class ='price']], [[ChromeDriver: chrome on WINDOWS (ea7bf57232ef2e7a2842a14b18a3b219)] -> xpath: //p[@class ='price']], [[ChromeDriver: chrome on WINDOWS (ea7bf57232ef2e7a2842a14b18a3b219)] -> xpath: //p[@class ='price']], [[ChromeDriver: chrome on WINDOWS (ea7bf57232ef2e7a2842a14b18a3b219)] -> xpath: //p[@class ='price']], [[ChromeDriver: chrome on WINDOWS (ea7bf57232ef2e7a2842a14b18a3b219)] -> xpath: //p[@class ='price']]]
2023-05-16 11:05:68 INFO  LaptopAndNotebookPage :63 - Verify Product sorted  price High to low [[[ChromeDriver: chrome on WINDOWS (ea7bf57232ef2e7a2842a14b18a3b219)] -> xpath: //p[@class ='price']], [[ChromeDriver: chrome on WINDOWS (ea7bf57232ef2e7a2842a14b18a3b219)] -> xpath: //p[@class ='price']], [[ChromeDriver: chrome on WINDOWS (ea7bf57232ef2e7a2842a14b18a3b219)] -> xpath: //p[@class ='price']], [[ChromeDriver: chrome on WINDOWS (ea7bf57232ef2e7a2842a14b18a3b219)] -> xpath: //p[@class ='price']], [[ChromeDriver: chrome on WINDOWS (ea7bf57232ef2e7a2842a14b18a3b219)] -> xpath: //p[@class ='price']]]
2023-05-16 11:05:483 INFO  HomePage :80 - Mouse hover on “Laptops & Notebooks” Tab and click [[ChromeDriver: chrome on WINDOWS (86f3ba515f94ad8675d10a6317c9f573)] -> link text: Laptops & Notebooks]
2023-05-16 11:05:899 INFO  HomePage :99 - Click on Show All LaptopAndNotebook Tab [[ChromeDriver: chrome on WINDOWS (86f3ba515f94ad8675d10a6317c9f573)] -> xpath: //a[normalize-space()='Show AllLaptops & Notebooks']]
2023-05-16 11:05:949 INFO  HomePage :105 - Clicking on Currency on top of page [[ChromeDriver: chrome on WINDOWS (86f3ba515f94ad8675d10a6317c9f573)] -> xpath: //span[normalize-space()='Currency']]
2023-05-16 11:05:673 INFO  HomePage :113 - Select £Pound Sterling from currency drop down list [[[ChromeDriver: chrome on WINDOWS (86f3ba515f94ad8675d10a6317c9f573)] -> xpath: //ul[@class = 'dropdown-menu']/li], [[ChromeDriver: chrome on WINDOWS (86f3ba515f94ad8675d10a6317c9f573)] -> xpath: //ul[@class = 'dropdown-menu']/li], [[ChromeDriver: chrome on WINDOWS (86f3ba515f94ad8675d10a6317c9f573)] -> xpath: //ul[@class = 'dropdown-menu']/li]]
2023-05-16 11:05:114 INFO  DesktopPage :74 - Select option product sorted by Price (High > Low)from sort by options [[ChromeDriver: chrome on WINDOWS (86f3ba515f94ad8675d10a6317c9f573)] -> id: input-sort]
2023-05-16 11:05:362 INFO  LaptopAndNotebookPage :80 - Select Macbook[[ChromeDriver: chrome on WINDOWS (86f3ba515f94ad8675d10a6317c9f573)] -> link text: MacBook]
2023-05-16 11:05:381 INFO  ProductPage :101 - Verify text MacBook [[ChromeDriver: chrome on WINDOWS (86f3ba515f94ad8675d10a6317c9f573)] -> xpath: //h1[contains(text(),'MacBook')]]
2023-05-16 11:05:53 INFO  ProductPage :87 - Clicking on Login Button [[ChromeDriver: chrome on WINDOWS (86f3ba515f94ad8675d10a6317c9f573)] -> xpath: //button[@id='button-cart']]
2023-05-16 11:05:585 INFO  ProductPage :91 - Verify the Message “Success: You have added HP LP3065 to your shopping cart!” [[ChromeDriver: chrome on WINDOWS (86f3ba515f94ad8675d10a6317c9f573)] -> xpath: //div[@class='alert alert-success alert-dismissible']]
2023-05-16 11:05:600 INFO  ProductPage :97 - Click on link “shopping cart” display into success message [[ChromeDriver: chrome on WINDOWS (86f3ba515f94ad8675d10a6317c9f573)] -> xpath: //a[contains(text(),'shopping cart')]]
2023-05-16 11:05:621 INFO  ShoppingCartPage :47 -  Verify the text Shopping Cart [[ChromeDriver: chrome on WINDOWS (86f3ba515f94ad8675d10a6317c9f573)] -> xpath: //div[@id='content']//h1]
2023-05-16 11:05:651 INFO  ShoppingCartPage :52 - Verify the Product name HP LP3065 [[ChromeDriver: chrome on WINDOWS (86f3ba515f94ad8675d10a6317c9f573)] -> xpath: //div[@class = 'table-responsive']/table/tbody/tr/td[2]/a]
2023-05-16 11:05:750 INFO  ShoppingCartPage :74 - Change Quantity 2 to quantity field [[ChromeDriver: chrome on WINDOWS (86f3ba515f94ad8675d10a6317c9f573)] -> xpath: //div[@class='input-group btn-block']/input[@type='text']]
2023-05-16 11:05:437 INFO  ShoppingCartPage :79 -  Click on “Update” Tab [[ChromeDriver: chrome on WINDOWS (86f3ba515f94ad8675d10a6317c9f573)] -> xpath: //i[@class = 'fa fa-refresh']]
2023-05-16 11:05:454 INFO  ShoppingCartPage :83 - Getting welcome back text [[ChromeDriver: chrome on WINDOWS (86f3ba515f94ad8675d10a6317c9f573)] -> xpath: //div[@id='checkout-cart']/div[1]]
2023-05-16 11:05:499 INFO  ShoppingCartPage :67 - Verify the Total £74.73 [[ChromeDriver: chrome on WINDOWS (86f3ba515f94ad8675d10a6317c9f573)] -> xpath: //div[@class = 'table-responsive']/table/tbody/tr/td[6]]
2023-05-16 11:05:894 INFO  ShoppingCartPage :89 - Click on “Checkout” button [[ChromeDriver: chrome on WINDOWS (86f3ba515f94ad8675d10a6317c9f573)] -> css selector: a.btn.btn-primary]
2023-05-16 11:05:915 INFO  CheckoutPage :76 - Verify the text “Checkout” [[ChromeDriver: chrome on WINDOWS (86f3ba515f94ad8675d10a6317c9f573)] -> xpath: //div[@id='content']/h1]
2023-05-16 11:05:450 INFO  CheckoutPage :82 - Verify the Text “New Customer” [[ChromeDriver: chrome on WINDOWS (86f3ba515f94ad8675d10a6317c9f573)] -> xpath: //h2[contains(text(),'New Customer')]]
2023-05-16 11:05:32 INFO  CheckoutPage :89 - Click on “Guest Checkout” radio button [[ChromeDriver: chrome on WINDOWS (86f3ba515f94ad8675d10a6317c9f573)] -> xpath: //input[@value='guest']]
2023-05-16 11:05:77 INFO  CheckoutPage :95 - Click on “Continue” tab [[ChromeDriver: chrome on WINDOWS (86f3ba515f94ad8675d10a6317c9f573)] -> xpath: //input[@id='button-account']]
2023-05-16 11:05:479 INFO  CheckoutPage :101 - Enter firstname Bhavisha to firstname field [[ChromeDriver: chrome on WINDOWS (86f3ba515f94ad8675d10a6317c9f573)] -> id: input-payment-firstname]
2023-05-16 11:05:547 INFO  CheckoutPage :107 - Enter lastname Patel to lastname field [[ChromeDriver: chrome on WINDOWS (86f3ba515f94ad8675d10a6317c9f573)] -> id: input-payment-lastname]
2023-05-16 11:05:620 INFO  CheckoutPage :113 - Enter email bhavisha to email field [[ChromeDriver: chrome on WINDOWS (86f3ba515f94ad8675d10a6317c9f573)] -> id: input-payment-email]
2023-05-16 11:05:702 INFO  CheckoutPage :119 - Enter phoneNumber 01234567890 to phoneNumber field [[ChromeDriver: chrome on WINDOWS (86f3ba515f94ad8675d10a6317c9f573)] -> id: input-payment-telephone]
2023-05-16 11:05:789 INFO  CheckoutPage :125 - Enter address Line 1 129 pinner road to address field [[ChromeDriver: chrome on WINDOWS (86f3ba515f94ad8675d10a6317c9f573)] -> id: input-payment-address-1]
2023-05-16 11:05:839 INFO  CheckoutPage :131 - Enter city London to city field [[ChromeDriver: chrome on WINDOWS (86f3ba515f94ad8675d10a6317c9f573)] -> id: input-payment-city]
2023-05-16 11:05:890 INFO  CheckoutPage :137 - Enter postcode N1 1AD to postcode field [[ChromeDriver: chrome on WINDOWS (86f3ba515f94ad8675d10a6317c9f573)] -> id: input-payment-postcode]
2023-05-16 11:05:939 INFO  CheckoutPage :143 - Select country United Kingdom to country field [[ChromeDriver: chrome on WINDOWS (86f3ba515f94ad8675d10a6317c9f573)] -> id: input-payment-country]
2023-05-16 11:05:00 INFO  CheckoutPage :150 - Select state Kent to state field [[ChromeDriver: chrome on WINDOWS (86f3ba515f94ad8675d10a6317c9f573)] -> id: input-payment-zone]
2023-05-16 11:05:49 INFO  CheckoutPage :156 -  Click on continue button [[ChromeDriver: chrome on WINDOWS (86f3ba515f94ad8675d10a6317c9f573)] -> id: button-guest]
2023-05-16 11:05:873 INFO  CheckoutPage :162 - Enter comments Nothing to Say! in to text area [[ChromeDriver: chrome on WINDOWS (86f3ba515f94ad8675d10a6317c9f573)] -> xpath: //textarea[@name='comment']]
2023-05-16 11:05:926 INFO  CheckoutPage :168 -  Check the Terms & Conditions check box [[ChromeDriver: chrome on WINDOWS (86f3ba515f94ad8675d10a6317c9f573)] -> xpath: //body/div[@id='checkout-checkout']/div[1]/div[1]/div[1]/div[3]/div[2]/div[1]/div[2]/div[1]/input[1]]
2023-05-16 11:05:03 INFO  CheckoutPage :174 - Click on “Continue” button [[ChromeDriver: chrome on WINDOWS (86f3ba515f94ad8675d10a6317c9f573)] -> id: button-payment-method]
2023-05-16 11:05:37 INFO  CheckoutPage :179 - Verify the message “Warning: Payment method required!” [[ChromeDriver: chrome on WINDOWS (86f3ba515f94ad8675d10a6317c9f573)] -> xpath: //div[@class='alert alert-danger alert-dismissible']]
2023-05-16 11:05:180 INFO  HomePage :128 - Select Login from myAccount drop down list [[[ChromeDriver: chrome on WINDOWS (1a6de059b40e129dde066894f8735488)] -> xpath: //ul[@class='dropdown-menu dropdown-menu-right']/li], [[ChromeDriver: chrome on WINDOWS (1a6de059b40e129dde066894f8735488)] -> xpath: //ul[@class='dropdown-menu dropdown-menu-right']/li]]
2023-05-16 11:05:198 INFO  LoginPage :36 - Verify the text “Returning Customer” [[ChromeDriver: chrome on WINDOWS (1a6de059b40e129dde066894f8735488)] -> xpath: //h2[contains(text(),'Returning Customer')]]
2023-05-16 11:05:276 INFO  HomePage :128 - Select Login from myAccount drop down list [[[ChromeDriver: chrome on WINDOWS (03caba62e1f189fbdfdc128ef21c2e3f)] -> xpath: //ul[@class='dropdown-menu dropdown-menu-right']/li], [[ChromeDriver: chrome on WINDOWS (03caba62e1f189fbdfdc128ef21c2e3f)] -> xpath: //ul[@class='dropdown-menu dropdown-menu-right']/li]]
2023-05-16 11:05:354 INFO  LoginPage :43 - Enter email iampatel@gmail.comto email field [[ChromeDriver: chrome on WINDOWS (03caba62e1f189fbdfdc128ef21c2e3f)] -> id: input-email]
2023-05-16 11:05:417 INFO  LoginPage :49 - Enter password HelloNum1to password field [[ChromeDriver: chrome on WINDOWS (03caba62e1f189fbdfdc128ef21c2e3f)] -> id: input-password]
2023-05-16 11:05:72 INFO  LoginPage :55 - Clicking on Login Button [[ChromeDriver: chrome on WINDOWS (03caba62e1f189fbdfdc128ef21c2e3f)] -> xpath: //input[@value='Login']]
2023-05-16 11:05:89 INFO  LoginPage :60 - Verify text “My Account” [[ChromeDriver: chrome on WINDOWS (03caba62e1f189fbdfdc128ef21c2e3f)] -> xpath: //h2[text()='My Account']]
2023-05-16 11:05:791 INFO  HomePage :128 - Select Logout from myAccount drop down list [[[ChromeDriver: chrome on WINDOWS (03caba62e1f189fbdfdc128ef21c2e3f)] -> xpath: //ul[@class='dropdown-menu dropdown-menu-right']/li], [[ChromeDriver: chrome on WINDOWS (03caba62e1f189fbdfdc128ef21c2e3f)] -> xpath: //ul[@class='dropdown-menu dropdown-menu-right']/li], [[ChromeDriver: chrome on WINDOWS (03caba62e1f189fbdfdc128ef21c2e3f)] -> xpath: //ul[@class='dropdown-menu dropdown-menu-right']/li], [[ChromeDriver: chrome on WINDOWS (03caba62e1f189fbdfdc128ef21c2e3f)] -> xpath: //ul[@class='dropdown-menu dropdown-menu-right']/li], [[ChromeDriver: chrome on WINDOWS (03caba62e1f189fbdfdc128ef21c2e3f)] -> xpath: //ul[@class='dropdown-menu dropdown-menu-right']/li]]
2023-05-16 11:05:809 INFO  LogoutPage :27 - Verify text "Account Logout" [[ChromeDriver: chrome on WINDOWS (03caba62e1f189fbdfdc128ef21c2e3f)] -> xpath: //h1[text()='Account Logout']]
2023-05-16 11:05:227 INFO  LogoutPage :33 - Clicking on Continue Button [[ChromeDriver: chrome on WINDOWS (03caba62e1f189fbdfdc128ef21c2e3f)] -> xpath: //a[contains(text(),'Continue')]]
2023-05-16 11:05:533 INFO  HomePage :128 - Select Register from myAccount drop down list [[[ChromeDriver: chrome on WINDOWS (19ff7e007706f92d3f26dc23891f8286)] -> xpath: //ul[@class='dropdown-menu dropdown-menu-right']/li], [[ChromeDriver: chrome on WINDOWS (19ff7e007706f92d3f26dc23891f8286)] -> xpath: //ul[@class='dropdown-menu dropdown-menu-right']/li]]
2023-05-16 11:05:548 INFO  RegisterPage :58 - Verify the text “Register Account”. [[ChromeDriver: chrome on WINDOWS (19ff7e007706f92d3f26dc23891f8286)] -> xpath: //h1[contains(text(),'Register Account')]]
2023-05-16 11:05:999 INFO  HomePage :128 - Select Register from myAccount drop down list [[[ChromeDriver: chrome on WINDOWS (d74820fb7464717a810f1407686dd1e2)] -> xpath: //ul[@class='dropdown-menu dropdown-menu-right']/li], [[ChromeDriver: chrome on WINDOWS (d74820fb7464717a810f1407686dd1e2)] -> xpath: //ul[@class='dropdown-menu dropdown-menu-right']/li]]
2023-05-16 11:05:73 INFO  RegisterPage :64 - Enter Firstname Iama to Firstname field [[ChromeDriver: chrome on WINDOWS (d74820fb7464717a810f1407686dd1e2)] -> id: input-firstname]
2023-05-16 11:05:128 INFO  RegisterPage :69 - Enter Lastname Patel to Lastname field [[ChromeDriver: chrome on WINDOWS (d74820fb7464717a810f1407686dd1e2)] -> id: input-lastname]
2023-05-16 11:05:188 INFO  RegisterPage :74 - Enter email patelwtw0@gmail.com to email field [[ChromeDriver: chrome on WINDOWS (d74820fb7464717a810f1407686dd1e2)] -> id: input-email]
2023-05-16 11:05:241 INFO  RegisterPage :79 - Enter Telephone 01234567890 to Telephone field [[ChromeDriver: chrome on WINDOWS (d74820fb7464717a810f1407686dd1e2)] -> id: input-telephone]
2023-05-16 11:05:293 INFO  RegisterPage :84 - Enter Password Hellonum1 to Password field [[ChromeDriver: chrome on WINDOWS (d74820fb7464717a810f1407686dd1e2)] -> id: input-password]
2023-05-16 11:05:345 INFO  RegisterPage :89 - Enter ConfirmPassword Hellonum1 to ConfirmPassword field [[ChromeDriver: chrome on WINDOWS (d74820fb7464717a810f1407686dd1e2)] -> id: input-confirm]
2023-05-16 11:05:368 INFO  RegisterPage :101 - Select Subscribe Yes radio button [[[ChromeDriver: chrome on WINDOWS (d74820fb7464717a810f1407686dd1e2)] -> xpath: //fieldset[3]//input], [[ChromeDriver: chrome on WINDOWS (d74820fb7464717a810f1407686dd1e2)] -> xpath: //fieldset[3]//input]]
2023-05-16 11:05:410 INFO  RegisterPage :106 - Click on Privacy Policy check box [[ChromeDriver: chrome on WINDOWS (d74820fb7464717a810f1407686dd1e2)] -> xpath: //input[@name='agree']]
2023-05-16 11:05:665 INFO  RegisterPage :111 - Clicking on Continue Button [[ChromeDriver: chrome on WINDOWS (d74820fb7464717a810f1407686dd1e2)] -> xpath: //input[@type='submit']]
2023-05-16 11:05:681 INFO  RegisterPage :115 - Verify the message “Your Account Has Been Created!” [[ChromeDriver: chrome on WINDOWS (d74820fb7464717a810f1407686dd1e2)] -> xpath: //h1[text()='Your Account Has Been Created!']]
2023-05-16 11:05:66 INFO  RegisterPage :121 - Clicking on Continue Button [[ChromeDriver: chrome on WINDOWS (d74820fb7464717a810f1407686dd1e2)] -> xpath: //a[text()='Continue']]
2023-05-16 11:05:825 INFO  HomePage :128 - Select Logout from myAccount drop down list [[[ChromeDriver: chrome on WINDOWS (d74820fb7464717a810f1407686dd1e2)] -> xpath: //ul[@class='dropdown-menu dropdown-menu-right']/li], [[ChromeDriver: chrome on WINDOWS (d74820fb7464717a810f1407686dd1e2)] -> xpath: //ul[@class='dropdown-menu dropdown-menu-right']/li], [[ChromeDriver: chrome on WINDOWS (d74820fb7464717a810f1407686dd1e2)] -> xpath: //ul[@class='dropdown-menu dropdown-menu-right']/li], [[ChromeDriver: chrome on WINDOWS (d74820fb7464717a810f1407686dd1e2)] -> xpath: //ul[@class='dropdown-menu dropdown-menu-right']/li], [[ChromeDriver: chrome on WINDOWS (d74820fb7464717a810f1407686dd1e2)] -> xpath: //ul[@class='dropdown-menu dropdown-menu-right']/li]]
2023-05-16 11:05:842 INFO  LogoutPage :27 - Verify text "Account Logout" [[ChromeDriver: chrome on WINDOWS (d74820fb7464717a810f1407686dd1e2)] -> xpath: //h1[text()='Account Logout']]
2023-05-16 11:05:245 INFO  LogoutPage :33 - Clicking on Continue Button [[ChromeDriver: chrome on WINDOWS (d74820fb7464717a810f1407686dd1e2)] -> xpath: //a[contains(text(),'Continue')]]
2023-05-16 11:05:236 INFO  HomePage :74 - Mouse hover on “Desktops” Tab and click [[ChromeDriver: chrome on WINDOWS (454c9584550e8488bc20aad09783c31c)] -> link text: Desktops]
2023-05-16 11:05:255 INFO  HomePage :68 - Click Show All Desktops from homepage Top menu  []
2023-05-16 11:05:273 INFO  DesktopPage :39 - Verify the text ‘Desktops’[[ChromeDriver: chrome on WINDOWS (454c9584550e8488bc20aad09783c31c)] -> xpath: //h2[contains(text(),'Desktops')]]
2023-05-16 11:05:364 INFO  HomePage :80 - Mouse hover on “Laptops & Notebooks” Tab and click [[ChromeDriver: chrome on WINDOWS (6a9b788ebf30c5d656d1aedfef19576b)] -> link text: Laptops & Notebooks]
2023-05-16 11:05:373 INFO  HomePage :68 - Click Show All Laptops & Notebooks from homepage Top menu  []
2023-05-16 11:05:400 INFO  LaptopAndNotebookPage :39 - Verify the text ‘Laptops & Notebooks’ [[ChromeDriver: chrome on WINDOWS (6a9b788ebf30c5d656d1aedfef19576b)] -> xpath: //h2[contains(text(),'Laptops & Notebooks')]]
2023-05-16 11:05:71 INFO  HomePage :86 -  Mouse hover on “Components” Tab and click [[ChromeDriver: chrome on WINDOWS (4cfb4143bdb3e885e30d44ddb0646407)] -> link text: Components]
2023-05-16 11:05:154 INFO  HomePage :68 - Click Show All Components from homepage Top menu  []
2023-05-16 11:05:175 INFO  ComponentsPage :21 - Verify the text ‘Components’ [[ChromeDriver: chrome on WINDOWS (4cfb4143bdb3e885e30d44ddb0646407)] -> xpath: //h2[contains(text(),'Components')]]
